<?xml version="1.0" encoding="UTF-8"?>
<!-- Generated by org.testng.reporters.JUnitReportReporter -->
<testsuite hostname="A2C2ML15680" name="Test2" tests="1" failures="0" timestamp="26 May 2019 12:13:52 GMT" time="1.562" errors="0">
  <testcase name="testToCompareDoubles" time="1.562" classname="Test2"/>
</testsuite> <!-- Test2 -->
