<?xml version="1.0" encoding="UTF-8"?>
<!-- Generated by org.testng.reporters.JUnitReportReporter -->
<testsuite hostname="A2C2ML15680" name="Test1" tests="1" failures="0" timestamp="26 May 2019 11:57:58 GMT" time="1.757" errors="0">
  <testcase name="testToCompareDoubles" time="1.757" classname="Test1"/>
</testsuite> <!-- Test1 -->
