<?xml version="1.0" encoding="UTF-8"?>
<!-- Generated by org.testng.reporters.JUnitReportReporter -->
<testsuite hostname="A2C2ML15680" name="Test1" tests="1" failures="0" timestamp="26 May 2019 12:00:48 GMT" time="2.756" errors="0">
  <testcase name="testToCompareDoubles" time="2.756" classname="Test1"/>
</testsuite> <!-- Test1 -->
